app/build/outputs/mapping/release/seeds.txt
io.github.albs_br.twa.Application
io.github.albs_br.twa.LauncherActivity
io.github.albs_br.twa.DelegationService
io.github.albs_br.twa.DelegationService: DelegationService()
io.github.albs_br.twa.LauncherActivity: LauncherActivity()
io.github.albs_br.twa.Application: Application()
...
androidx.versionedparcelable.ParcelImpl
com.google.androidbrowserhelper.trusted.NotificationPermissionRequestActivity
androidx.activity.ComponentActivity$4
androidx.profileinstaller.ProfileInstallerInitializer
androidx.lifecycle.LegacySavedStateHandleController$tryToAddRecreator$1
androidx.core.app.RemoteActionCompat
androidx.core.graphics.drawable.IconCompatParcelizer
androidx.profileinstaller.ProfileInstallReceiver
androidx.browser.browseractions.BrowserActionsFallbackMenuView
androidx.versionedparcelable.ParcelImpl: android.os.Parcelable$Creator CREATOR
androidx.concurrent.futures.AbstractResolvableFuture: java.lang.Object value
androidx.concurrent.futures.AbstractResolvableFuture$Waiter: java.lang.Thread thread
androidx.concurrent.futures.AbstractResolvableFuture$Waiter: androidx.concurrent.futures.AbstractResolvableFuture$Waiter next
androidx.concurrent.futures.AbstractResolvableFuture: androidx.concurrent.futures.AbstractResolvableFuture$Waiter waiters
androidx.concurrent.futures.AbstractResolvableFuture: androidx.concurrent.futures.AbstractResolvableFuture$Listener listeners
androidx.core.graphics.drawable.IconCompat$Api28Impl: java.lang.String getResPackage(java.lang.Object)
androidx.core.graphics.drawable.IconCompat$Api23Impl: android.net.Uri getUri(java.lang.Object)
androidx.core.content.FileProvider$Api21Impl: java.io.File[] getExternalMediaDirs(android.content.Context)
androidx.core.app.NotificationManagerCompat$Api24Impl: boolean areNotificationsEnabled(android.app.NotificationManager)
androidx.core.app.NotificationManagerCompat$Api26Impl: void deleteNotificationChannelGroup(android.app.NotificationManager,java.lang.String)
androidx.profileinstaller.FileSectionType: androidx.profileinstaller.FileSectionType[] values()
androidx.core.content.ContextCompat$Api23Impl: int getColor(android.content.Context,int)
androidx.versionedparcelable.CustomVersionedParcelable: CustomVersionedParcelable()
androidx.core.graphics.drawable.IconCompat$Api26Impl: android.graphics.drawable.Drawable createAdaptiveIconDrawable(android.graphics.drawable.Drawable,android.graphics.drawable.Drawable)
android.support.v4.app.RemoteActionCompatParcelizer: void write(androidx.core.app.RemoteActionCompat,androidx.versionedparcelable.VersionedParcel)
androidx.core.app.NotificationManagerCompat$Api26Impl: void deleteNotificationChannel(android.app.NotificationManager,java.lang.String)
androidx.core.app.NotificationManagerCompat$Api24Impl: int getImportance(android.app.NotificationManager)
androidx.core.app.NotificationManagerCompat$Api26Impl: void createNotificationChannel(android.app.NotificationManager,android.app.NotificationChannel)
android.support.v4.app.RemoteActionCompatParcelizer: androidx.core.app.RemoteActionCompat read(androidx.versionedparcelable.VersionedParcel)
androidx.core.graphics.drawable.IconCompatParcelizer: IconCompatParcelizer()
androidx.core.graphics.drawable.IconCompat$Api28Impl: int getResId(java.lang.Object)
androidx.core.graphics.drawable.IconCompat$Api30Impl: android.graphics.drawable.Icon createWithAdaptiveBitmapContentUri(android.net.Uri)
androidx.core.app.CoreComponentFactory: CoreComponentFactory()
androidx.core.content.ContextCompat$Api21Impl: android.graphics.drawable.Drawable getDrawable(android.content.Context,int)
androidx.core.app.RemoteActionCompatParcelizer: RemoteActionCompatParcelizer()
androidx.core.app.NotificationManagerCompat$Api26Impl: android.app.NotificationChannel getNotificationChannel(android.app.NotificationManager,java.lang.String)
androidx.core.app.NotificationManagerCompat$Api26Impl: void createNotificationChannelGroups(android.app.NotificationManager,java.util.List)
androidx.core.content.FileProvider: FileProvider()
androidx.core.app.RemoteActionCompat: RemoteActionCompat()
androidx.core.app.NotificationManagerCompat$Api26Impl: java.lang.String getId(android.app.NotificationChannel)