app/build/outputs/mapping/release/mapping.txt
# compiler: R8
# compiler_version: 8.9.32
# min_api: 21
# common_typos_disable
# {"id":"com.android.tools.r8.mapping","version":"2.2"}
# pg_map_id: 49c1fb1
# pg_map_hash: SHA-256 49c1fb172c2c6efeb900cc006bc5ccc490134395ed72174a668d725220ca84c3
io.github.albs_br.twa.Application -> io.github.albs_br.twa.Application:
# {"id":"sourceFile","fileName":"Application.java"}
    1:4:void <init>():20:20 -> <init>
    1:4:void onCreate():26:26 -> onCreate
io.github.albs_br.twa.DelegationService -> io.github.albs_br.twa.DelegationService:
# {"id":"sourceFile","fileName":"DelegationService.java"}
    1:4:void <init>():5:5 -> <init>
    1:4:void onCreate():9:9 -> onCreate
io.github.albs_br.twa.LauncherActivity -> io.github.albs_br.twa.LauncherActivity:
# {"id":"sourceFile","fileName":"LauncherActivity.java"}
    1:4:void <init>():25:25 -> <init>
    1:5:android.net.Uri getLaunchingUrl():48:48 -> h
    1:3:void onCreate(android.os.Bundle):33:33 -> onCreate
    4:11:void onCreate(android.os.Bundle):38:38 -> onCreate
    12:16:void onCreate(android.os.Bundle):39:39 -> onCreate
    17:20:void onCreate(android.os.Bundle):41:41 -> onCreate
...
kotlin.LazyKt__LazyKt -> q.d:
# {"id":"sourceFile","fileName":"Lazy.kt"}
kotlin.SynchronizedLazyImpl -> q.e:
# {"id":"sourceFile","fileName":"LazyJVM.kt"}
    kotlin.jvm.functions.Function0 initializer -> a
      # {"id":"com.android.tools.r8.residualsignature","signature":"Ls/a;"}
    java.lang.Object _value -> b
    java.lang.Object lock -> c
    1:3:void <init>(kotlin.jvm.functions.Function0,java.lang.Object):55:57 -> <init>
      # {"id":"com.android.tools.r8.residualsignature","signature":"(Ls/a;Ljava/lang/Object;)V"}
    4:4:void <init>(kotlin.jvm.functions.Function0,java.lang.Object):59:59 -> <init>
    5:5:void <init>(kotlin.jvm.functions.Function0,java.lang.Object,int,kotlin.jvm.internal.DefaultConstructorMarker):55:55 -> <init>
      # {"id":"com.android.tools.r8.residualsignature","signature":"(Ls/a;Ljava/lang/Object;ILt/a;)V"}
    1:2:java.lang.Object getValue():63:63 -> a
    3:7:java.lang.Object getValue():64:64 -> a
    8:10:java.lang.Object getValue():69:69 -> a
    11:15:java.lang.Object getValue():70:70 -> a
    16:24:java.lang.Object getValue():74:74 -> a
    25:27:java.lang.Object getValue():75:75 -> a
    28:29:java.lang.Object getValue():76:76 -> a
    30:34:java.lang.Object getValue():69:69 -> a
    1:10:boolean isInitialized():82:82 -> b
    1:18:java.lang.String toString():84:84 -> toString
kotlin.UNINITIALIZED_VALUE -> q.f:
# {"id":"sourceFile","fileName":"Lazy.kt"}
    kotlin.UNINITIALIZED_VALUE INSTANCE -> a
      # {"id":"com.android.tools.r8.residualsignature","signature":"Lq/f;"}
    1:8:void <clinit>():0:0 -> <clinit>
    1:4:void <init>():71:71 -> <init>
kotlin.collections.ArraysKt -> r.a:
kotlin.collections.ArraysKt__ArraysJVMKt -> r.b:
# {"id":"sourceFile","fileName":"ArraysJVM.kt"}
kotlin.collections.ArraysKt__ArraysKt -> r.c:
# {"id":"sourceFile","fileName":"Arrays.kt"}
kotlin.collections.ArraysKt___ArraysJvmKt -> r.d:
# {"id":"sourceFile","fileName":"_ArraysJvm.kt"}
    12:15:int[] copyInto(int[],int[],int,int,int):1316:1316 -> a
    12:15:java.lang.Object[] copyInto(java.lang.Object[],java.lang.Object[],int,int,int):1247:1247 -> b
kotlin.collections.ArraysKt___ArraysKt -> r.e:
# {"id":"sourceFile","fileName":"_Arrays.kt"}
kotlin.jvm.functions.Function0 -> s.a:
# {"id":"sourceFile","fileName":"Functions.kt"}
    java.lang.Object invoke() -> a
kotlin.jvm.internal.DefaultConstructorMarker -> t.a:
# {"id":"sourceFile","fileName":"DefaultConstructorMarker.java"}
kotlin.jvm.internal.FunctionBase -> t.b:
# {"id":"sourceFile","fileName":"FunctionBase.kt"}
kotlin.jvm.internal.Intrinsics -> t.c:
# {"id":"sourceFile","fileName":"Intrinsics.java"}
    9:13:boolean areEqual(java.lang.Object,java.lang.Object):169:169 -> a
    3:6:void checkNotNull(java.lang.Object):25:25 -> b
    4:32:void checkNotNullExpressionValue(java.lang.Object,java.lang.String):93:93 -> c
    3:6:void checkNotNullParameter(java.lang.Object,java.lang.String):131:131 -> d
    1:8:java.lang.String createParameterIsNullExceptionMessage(java.lang.String):144:144 -> e
    9:15:java.lang.String createParameterIsNullExceptionMessage(java.lang.String):146:146 -> e
    16:30:java.lang.String createParameterIsNullExceptionMessage(java.lang.String):149:149 -> e
    31:45:java.lang.String createParameterIsNullExceptionMessage(java.lang.String):151:151 -> e
    46:47:java.lang.String createParameterIsNullExceptionMessage(java.lang.String):153:153 -> e
    48:51:java.lang.String createParameterIsNullExceptionMessage(java.lang.String):154:154 -> e
    52:55:java.lang.String createParameterIsNullExceptionMessage(java.lang.String):155:155 -> e
    56:89:java.lang.String createParameterIsNullExceptionMessage(java.lang.String):157:157 -> e
    1:11:java.lang.Throwable sanitizeStackTrace(java.lang.Throwable):253:253 -> f
    1:4:java.lang.Throwable sanitizeStackTrace(java.lang.Throwable,java.lang.String):257:257 -> g
    5:9:java.lang.Throwable sanitizeStackTrace(java.lang.Throwable,java.lang.String):258:258 -> g