app/build/outputs/mapping/release/usage.txt
io.github.albs_br.twa.R$bool
io.github.albs_br.twa.R$color
io.github.albs_br.twa.R$drawable
io.github.albs_br.twa.R$integer
io.github.albs_br.twa.R$mipmap
io.github.albs_br.twa.R$raw
io.github.albs_br.twa.R$string
io.github.albs_br.twa.R$xml
io.github.albs_br.twa.R
...
androidx.browser.customtabs.CustomTabsClient:
    private static final java.lang.String TAG
    public androidx.browser.auth.AuthTabSession attachAuthTabSession(androidx.browser.auth.AuthTabSession$PendingSession)
    public androidx.browser.customtabs.CustomTabsSession attachSession(androidx.browser.customtabs.CustomTabsSession$PendingSession)
    public static boolean connectAndInitialize(android.content.Context,java.lang.String)
    private android.support.customtabs.IAuthTabCallback$Stub createAuthTabCallbackWrapper(androidx.browser.auth.AuthTabCallback,java.util.concurrent.Executor)
    public static androidx.browser.auth.AuthTabSession$PendingSession createPendingAuthTabSession(android.content.Context,int)
    public static androidx.browser.auth.AuthTabSession$PendingSession createPendingAuthTabSession(android.content.Context,int,java.util.concurrent.Executor,androidx.browser.auth.AuthTabCallback)
    public android.os.Bundle extraCommand(java.lang.String,android.os.Bundle)
    public static java.lang.String getPackageName(android.content.Context,java.util.List)
    public static java.lang.String getPackageName(android.content.Context,java.util.List,boolean)
    public static boolean isSetNetworkSupported(android.content.Context,java.lang.String)
    public androidx.browser.auth.AuthTabSession newAuthTabSession(androidx.browser.auth.AuthTabCallback,java.util.concurrent.Executor)
androidx.browser.customtabs.CustomTabsFeatures$CustomTabsFeature
androidx.browser.customtabs.CustomTabsFeatures
androidx.browser.customtabs.CustomTabsIntent$ActivityHeightResizeBehavior
androidx.browser.customtabs.CustomTabsIntent$ActivitySideSheetDecorationType
androidx.browser.customtabs.CustomTabsIntent$ActivitySideSheetPosition
androidx.browser.customtabs.CustomTabsIntent$ActivitySideSheetRoundedCornersPosition
androidx.browser.customtabs.CustomTabsIntent$Api21Impl
androidx.browser.customtabs.CustomTabsIntent$Api23Impl:
    private void <init>()
androidx.browser.customtabs.CustomTabsIntent$Api24Impl:
    private void <init>()
androidx.browser.customtabs.CustomTabsIntent$Api34Impl:
    private void <init>()
androidx.browser.customtabs.CustomTabsIntent$Api36Impl:
    private void <init>()
androidx.browser.customtabs.CustomTabsIntent$Builder:
    public void <init>(androidx.browser.customtabs.CustomTabsSession)
    public androidx.browser.customtabs.CustomTabsIntent$Builder addDefaultShareMenuItem()
    public androidx.browser.customtabs.CustomTabsIntent$Builder addMenuItem(java.lang.String,android.app.PendingIntent)
    public androidx.browser.customtabs.CustomTabsIntent$Builder addToolbarItem(int,android.graphics.Bitmap,java.lang.String,android.app.PendingIntent)
    public androidx.browser.customtabs.CustomTabsIntent$Builder enableUrlBarHiding()
    public androidx.browser.customtabs.CustomTabsIntent$Builder setActionButton(android.graphics.Bitmap,java.lang.String,android.app.PendingIntent)
    public androidx.browser.customtabs.CustomTabsIntent$Builder setActionButton(android.graphics.Bitmap,java.lang.String,android.app.PendingIntent,boolean)
    public androidx.browser.customtabs.CustomTabsIntent$Builder setActivitySideSheetBreakpointDp(int)
    public androidx.browser.customtabs.CustomTabsIntent$Builder setActivitySideSheetDecorationType(int)
    public androidx.browser.customtabs.CustomTabsIntent$Builder setActivitySideSheetMaximizationEnabled(boolean)
    public androidx.browser.customtabs.CustomTabsIntent$Builder setActivitySideSheetPosition(int)
    public androidx.browser.customtabs.CustomTabsIntent$Builder setActivitySideSheetRoundedCornersPosition(int)
androidx.browser.customtabs.CustomTabsIntent$CloseButtonPosition
androidx.browser.customtabs.CustomTabsIntent$ColorScheme
androidx.browser.customtabs.CustomTabsIntent$ShareState